This file contains any messages produced by compilers while
running configure, to aid debugging if configure makes a mistake.

It was created by configure, which was
generated by GNU Autoconf 2.69.  Invocation command line was

  $ ./configure --prefix=/media/peter/stockageMisc/POUB/stereo2/stereo-0.2b-1

## --------- ##
## Platform. ##
## --------- ##

hostname = Omnion
uname -m = i686
uname -r = 3.11.0-12-generic
uname -s = Linux
uname -v = #19-Ubuntu SMP Wed Oct 9 16:12:00 UTC 2013

/usr/bin/uname -p = unknown
/bin/uname -X     = unknown

/bin/arch              = unknown
/usr/bin/arch -k       = unknown
/usr/convex/getsysinfo = unknown
/usr/bin/hostinfo      = unknown
/bin/machine           = unknown
/usr/bin/oslevel       = unknown
/bin/universe          = unknown

PATH: /media/peter/stockageMisc/gradle-1.12/bin
PATH: /home/peter/SmartEiffel/bin
PATH: /home/peter/SmartEiffel/bin
PATH: /usr/local/sbin
PATH: /usr/local/bin
PATH: /usr/sbin
PATH: /usr/bin
PATH: /sbin
PATH: /bin
PATH: /usr/games
PATH: /usr/java/jre1.7.0_07/bin/
PATH: /home/peter/SmartEiffel/bin
PATH: /home/peter
PATH: /media/peter/stockageMisc/adt-bundle-linux-x86-20140321/sdk//tools
PATH: /media/peter/stockageMisc/adt-bundle-linux-x86-20140321/sdk//platform-tools
PATH: /home/peter/jdk1.7.0_04/bin
PATH: /home/peter/jdk1.7.0_04/jre
PATH: /media/peter/stockageMisc/ELDK42/usr/bin


## ----------- ##
## Core tests. ##
## ----------- ##

configure:2271: checking for a BSD-compatible install
configure:2339: result: /usr/bin/install -c
configure:2350: checking whether build environment is sane
configure:2405: result: yes
configure:2556: checking for a thread-safe mkdir -p
configure:2595: result: /bin/mkdir -p
configure:2602: checking for gawk
configure:2618: found /usr/bin/gawk
configure:2629: result: gawk
configure:2640: checking whether make sets $(MAKE)
configure:2662: result: yes
configure:2691: checking whether make supports nested variables
configure:2708: result: yes
configure:2820: checking build system type
configure:2834: result: i686-pc-linux-gnu
configure:2854: checking host system type
configure:2867: result: i686-pc-linux-gnu
configure:2887: checking target system type
configure:2900: result: i686-pc-linux-gnu
configure:2941: checking whether make sets $(MAKE)
configure:2963: result: yes
configure:3020: checking for gcc
configure:3036: found /usr/bin/gcc
configure:3047: result: gcc
configure:3276: checking for C compiler version
configure:3285: gcc --version >&5
gcc (Ubuntu/Linaro 4.8.1-10ubuntu9) 4.8.1
Copyright (C) 2013 Free Software Foundation, Inc.
This is free software; see the source for copying conditions.  There is NO
warranty; not even for MERCHANTABILITY or FITNESS FOR A PARTICULAR PURPOSE.

configure:3296: $? = 0
configure:3285: gcc -v >&5
Using built-in specs.
COLLECT_GCC=gcc
COLLECT_LTO_WRAPPER=/usr/lib/gcc/i686-linux-gnu/4.8/lto-wrapper
Target: i686-linux-gnu
Configured with: ../src/configure -v --with-pkgversion='Ubuntu/Linaro 4.8.1-10ubuntu9' --with-bugurl=file:///usr/share/doc/gcc-4.8/README.Bugs --enable-languages=c,c++,java,go,d,fortran,objc,obj-c++ --prefix=/usr --program-suffix=-4.8 --enable-shared --enable-linker-build-id --libexecdir=/usr/lib --without-included-gettext --enable-threads=posix --with-gxx-include-dir=/usr/include/c++/4.8 --libdir=/usr/lib --enable-nls --with-sysroot=/ --enable-clocale=gnu --enable-libstdcxx-debug --enable-libstdcxx-time=yes --enable-gnu-unique-object --enable-plugin --with-system-zlib --disable-browser-plugin --enable-java-awt=gtk --enable-gtk-cairo --with-java-home=/usr/lib/jvm/java-1.5.0-gcj-4.8-i386/jre --enable-java-home --with-jvm-root-dir=/usr/lib/jvm/java-1.5.0-gcj-4.8-i386 --with-jvm-jar-dir=/usr/lib/jvm-exports/java-1.5.0-gcj-4.8-i386 --with-arch-directory=i386 --with-ecj-jar=/usr/share/java/eclipse-ecj.jar --enable-objc-gc --enable-targets=all --enable-multiarch --disable-werror --with-arch-32=i686 --with-multilib-list=m32,m64,mx32 --with-tune=generic --enable-checking=release --build=i686-linux-gnu --host=i686-linux-gnu --target=i686-linux-gnu
Thread model: posix
gcc version 4.8.1 (Ubuntu/Linaro 4.8.1-10ubuntu9) 
configure:3296: $? = 0
configure:3285: gcc -V >&5
gcc: error: unrecognized command line option '-V'
gcc: fatal error: no input files
compilation terminated.
configure:3296: $? = 4
configure:3285: gcc -qversion >&5
gcc: error: unrecognized command line option '-qversion'
gcc: fatal error: no input files
compilation terminated.
configure:3296: $? = 4
configure:3316: checking whether the C compiler works
configure:3338: gcc    conftest.c  >&5
conftest.c:11:0: warning: "VERSION" redefined [enabled by default]
 #define VERSION "r_VERSION_r"
 ^
conftest.c:9:0: note: this is the location of the previous definition
 #define VERSION "1.0"
 ^
configure:3342: $? = 0
configure:3390: result: yes
configure:3393: checking for C compiler default output file name
configure:3395: result: a.out
configure:3401: checking for suffix of executables
configure:3408: gcc -o conftest    conftest.c  >&5
conftest.c:11:0: warning: "VERSION" redefined [enabled by default]
 #define VERSION "r_VERSION_r"
 ^
conftest.c:9:0: note: this is the location of the previous definition
 #define VERSION "1.0"
 ^
configure:3412: $? = 0
configure:3434: result: 
configure:3456: checking whether we are cross compiling
configure:3464: gcc -o conftest    conftest.c  >&5
conftest.c:11:0: warning: "VERSION" redefined [enabled by default]
 #define VERSION "r_VERSION_r"
 ^
conftest.c:9:0: note: this is the location of the previous definition
 #define VERSION "1.0"
 ^
configure:3468: $? = 0
configure:3475: ./conftest
configure:3479: $? = 0
configure:3494: result: no
configure:3499: checking for suffix of object files
configure:3521: gcc -c   conftest.c >&5
conftest.c:11:0: warning: "VERSION" redefined [enabled by default]
 #define VERSION "r_VERSION_r"
 ^
conftest.c:9:0: note: this is the location of the previous definition
 #define VERSION "1.0"
 ^
configure:3525: $? = 0
configure:3546: result: o
configure:3550: checking whether we are using the GNU C compiler
configure:3569: gcc -c   conftest.c >&5
conftest.c:11:0: warning: "VERSION" redefined [enabled by default]
 #define VERSION "r_VERSION_r"
 ^
conftest.c:9:0: note: this is the location of the previous definition
 #define VERSION "1.0"
 ^
configure:3569: $? = 0
configure:3578: result: yes
configure:3587: checking whether gcc accepts -g
configure:3607: gcc -c -g  conftest.c >&5
conftest.c:11:0: warning: "VERSION" redefined [enabled by default]
 #define VERSION "r_VERSION_r"
 ^
conftest.c:9:0: note: this is the location of the previous definition
 #define VERSION "1.0"
 ^
configure:3607: $? = 0
configure: failed program was:
| /* confdefs.h */
| #define PACKAGE_NAME ""
| #define PACKAGE_TARNAME ""
| #define PACKAGE_VERSION ""
| #define PACKAGE_STRING ""
| #define PACKAGE_BUGREPORT ""
| #define PACKAGE_URL ""
| #define PACKAGE "stereo"
| #define VERSION "1.0"
| #define PACKAGE "stereo"
| #define VERSION "r_VERSION_r"
| #define HAVE_PICTURE 1
| #define HAVE_THREE_D 1
| #define HAVE_BWIMAGE 1
| #define TARGET_MACHINE "i686-pc-linux-gnu"
| /* end confdefs.h.  */
| 
| int
| main ()
| {
| 
|   ;
|   return 0;
| }
configure:3622: gcc -c   conftest.c >&5
conftest.c:11:0: warning: "VERSION" redefined [enabled by default]
 #define VERSION "r_VERSION_r"
 ^
conftest.c:9:0: note: this is the location of the previous definition
 #define VERSION "1.0"
 ^
configure:3622: $? = 0
configure: failed program was:
| /* confdefs.h */
| #define PACKAGE_NAME ""
| #define PACKAGE_TARNAME ""
| #define PACKAGE_VERSION ""
| #define PACKAGE_STRING ""
| #define PACKAGE_BUGREPORT ""
| #define PACKAGE_URL ""
| #define PACKAGE "stereo"
| #define VERSION "1.0"
| #define PACKAGE "stereo"
| #define VERSION "r_VERSION_r"
| #define HAVE_PICTURE 1
| #define HAVE_THREE_D 1
| #define HAVE_BWIMAGE 1
| #define TARGET_MACHINE "i686-pc-linux-gnu"
| /* end confdefs.h.  */
| 
| int
| main ()
| {
| 
|   ;
|   return 0;
| }
configure:3638: gcc -c -g  conftest.c >&5
conftest.c:11:0: warning: "VERSION" redefined [enabled by default]
 #define VERSION "r_VERSION_r"
 ^
conftest.c:9:0: note: this is the location of the previous definition
 #define VERSION "1.0"
 ^
configure:3638: $? = 0
configure:3648: result: yes
configure:3665: checking for gcc option to accept ISO C89
configure:3728: gcc  -c -g -O2  conftest.c >&5
conftest.c:11:0: warning: "VERSION" redefined [enabled by default]
 #define VERSION "r_VERSION_r"
 ^
conftest.c:9:0: note: this is the location of the previous definition
 #define VERSION "1.0"
 ^
configure:3728: $? = 0
configure:3741: result: none needed
configure:3772: checking for style of include used by make
configure:3800: result: GNU
configure:3826: checking dependency style of gcc
configure:3937: result: gcc3
configure:3995: checking for ranlib
configure:4011: found /usr/bin/ranlib
configure:4022: result: ranlib
configure:4051: checking how to run the C preprocessor
configure:4082: gcc -E  conftest.c
conftest.c:11:0: warning: "VERSION" redefined [enabled by default]
 #define VERSION "r_VERSION_r"
 ^
conftest.c:9:0: note: this is the location of the previous definition
 #define VERSION "1.0"
 ^
configure:4082: $? = 0
configure:4096: gcc -E  conftest.c
conftest.c:11:0: warning: "VERSION" redefined [enabled by default]
 #define VERSION "r_VERSION_r"
 ^
conftest.c:9:0: note: this is the location of the previous definition
 #define VERSION "1.0"
 ^
conftest.c:17:28: fatal error: ac_nonexistent.h: No such file or directory
 #include <ac_nonexistent.h>
                            ^
compilation terminated.
configure:4096: $? = 1
configure: failed program was:
| /* confdefs.h */
| #define PACKAGE_NAME ""
| #define PACKAGE_TARNAME ""
| #define PACKAGE_VERSION ""
| #define PACKAGE_STRING ""
| #define PACKAGE_BUGREPORT ""
| #define PACKAGE_URL ""
| #define PACKAGE "stereo"
| #define VERSION "1.0"
| #define PACKAGE "stereo"
| #define VERSION "r_VERSION_r"
| #define HAVE_PICTURE 1
| #define HAVE_THREE_D 1
| #define HAVE_BWIMAGE 1
| #define TARGET_MACHINE "i686-pc-linux-gnu"
| /* end confdefs.h.  */
| #include <ac_nonexistent.h>
configure:4121: result: gcc -E
configure:4141: gcc -E  conftest.c
conftest.c:11:0: warning: "VERSION" redefined [enabled by default]
 #define VERSION "r_VERSION_r"
 ^
conftest.c:9:0: note: this is the location of the previous definition
 #define VERSION "1.0"
 ^
configure:4141: $? = 0
configure:4155: gcc -E  conftest.c
conftest.c:11:0: warning: "VERSION" redefined [enabled by default]
 #define VERSION "r_VERSION_r"
 ^
conftest.c:9:0: note: this is the location of the previous definition
 #define VERSION "1.0"
 ^
conftest.c:17:28: fatal error: ac_nonexistent.h: No such file or directory
 #include <ac_nonexistent.h>
                            ^
compilation terminated.
configure:4155: $? = 1
configure: failed program was:
| /* confdefs.h */
| #define PACKAGE_NAME ""
| #define PACKAGE_TARNAME ""
| #define PACKAGE_VERSION ""
| #define PACKAGE_STRING ""
| #define PACKAGE_BUGREPORT ""
| #define PACKAGE_URL ""
| #define PACKAGE "stereo"
| #define VERSION "1.0"
| #define PACKAGE "stereo"
| #define VERSION "r_VERSION_r"
| #define HAVE_PICTURE 1
| #define HAVE_THREE_D 1
| #define HAVE_BWIMAGE 1
| #define TARGET_MACHINE "i686-pc-linux-gnu"
| /* end confdefs.h.  */
| #include <ac_nonexistent.h>
configure:4184: checking for X
configure:4323: gcc -o conftest -g -O2   conftest.c -lX11  >&5
conftest.c:11:0: warning: "VERSION" redefined [enabled by default]
 #define VERSION "r_VERSION_r"
 ^
conftest.c:9:0: note: this is the location of the previous definition
 #define VERSION "1.0"
 ^
configure:4323: $? = 0
configure:4373: result: libraries , headers 
configure:4472: gcc -o conftest -g -O2   conftest.c   -lX11 >&5
conftest.c:11:0: warning: "VERSION" redefined [enabled by default]
 #define VERSION "r_VERSION_r"
 ^
conftest.c:9:0: note: this is the location of the previous definition
 #define VERSION "1.0"
 ^
configure:4472: $? = 0
configure:4570: checking for gethostbyname
configure:4570: gcc -o conftest -g -O2   conftest.c  >&5
conftest.c:11:0: warning: "VERSION" redefined [enabled by default]
 #define VERSION "r_VERSION_r"
 ^
conftest.c:9:0: note: this is the location of the previous definition
 #define VERSION "1.0"
 ^
configure:4570: $? = 0
configure:4570: result: yes
configure:4667: checking for connect
configure:4667: gcc -o conftest -g -O2   conftest.c  >&5
conftest.c:11:0: warning: "VERSION" redefined [enabled by default]
 #define VERSION "r_VERSION_r"
 ^
conftest.c:9:0: note: this is the location of the previous definition
 #define VERSION "1.0"
 ^
configure:4667: $? = 0
configure:4667: result: yes
configure:4716: checking for remove
configure:4716: gcc -o conftest -g -O2   conftest.c  >&5
conftest.c:11:0: warning: "VERSION" redefined [enabled by default]
 #define VERSION "r_VERSION_r"
 ^
conftest.c:9:0: note: this is the location of the previous definition
 #define VERSION "1.0"
 ^
configure:4716: $? = 0
configure:4716: result: yes
configure:4765: checking for shmat
configure:4765: gcc -o conftest -g -O2   conftest.c  >&5
conftest.c:11:0: warning: "VERSION" redefined [enabled by default]
 #define VERSION "r_VERSION_r"
 ^
conftest.c:9:0: note: this is the location of the previous definition
 #define VERSION "1.0"
 ^
configure:4765: $? = 0
configure:4765: result: yes
configure:4823: checking for IceConnectionNumber in -lICE
configure:4848: gcc -o conftest -g -O2   conftest.c -lICE   >&5
conftest.c:11:0: warning: "VERSION" redefined [enabled by default]
 #define VERSION "r_VERSION_r"
 ^
conftest.c:9:0: note: this is the location of the previous definition
 #define VERSION "1.0"
 ^
configure:4848: $? = 0
configure:4857: result: yes
configure:4874: checking for dirent.h that defines DIR
configure:4893: gcc -c -g -O2   conftest.c >&5
conftest.c:11:0: warning: "VERSION" redefined [enabled by default]
 #define VERSION "r_VERSION_r"
 ^
conftest.c:9:0: note: this is the location of the previous definition
 #define VERSION "1.0"
 ^
configure:4893: $? = 0
configure:4901: result: yes
configure:4914: checking for library containing opendir
configure:4945: gcc -o conftest -g -O2     conftest.c  >&5
conftest.c:11:0: warning: "VERSION" redefined [enabled by default]
 #define VERSION "r_VERSION_r"
 ^
conftest.c:9:0: note: this is the location of the previous definition
 #define VERSION "1.0"
 ^
configure:4945: $? = 0
configure:4962: result: none required
configure:5029: checking for grep that handles long lines and -e
configure:5087: result: /bin/grep
configure:5092: checking for egrep
configure:5154: result: /bin/grep -E
configure:5159: checking for ANSI C header files
configure:5179: gcc -c -g -O2   conftest.c >&5
conftest.c:11:0: warning: "VERSION" redefined [enabled by default]
 #define VERSION "r_VERSION_r"
 ^
conftest.c:9:0: note: this is the location of the previous definition
 #define VERSION "1.0"
 ^
configure:5179: $? = 0
conftest.c:11:0: warning: "VERSION" redefined [enabled by default]
 #define VERSION "r_VERSION_r"
 ^
conftest.c:9:0: note: this is the location of the previous definition
 #define VERSION "1.0"
 ^
conftest.c:11:0: warning: "VERSION" redefined [enabled by default]
 #define VERSION "r_VERSION_r"
 ^
conftest.c:9:0: note: this is the location of the previous definition
 #define VERSION "1.0"
 ^
configure:5252: gcc -o conftest -g -O2     conftest.c  >&5
conftest.c:11:0: warning: "VERSION" redefined [enabled by default]
 #define VERSION "r_VERSION_r"
 ^
conftest.c:9:0: note: this is the location of the previous definition
 #define VERSION "1.0"
 ^
configure:5252: $? = 0
configure:5252: ./conftest
configure:5252: $? = 0
configure:5263: result: yes
configure:5277: checking for sys/types.h
configure:5277: gcc -c -g -O2   conftest.c >&5
conftest.c:11:0: warning: "VERSION" redefined [enabled by default]
 #define VERSION "r_VERSION_r"
 ^
conftest.c:9:0: note: this is the location of the previous definition
 #define VERSION "1.0"
 ^
configure:5277: $? = 0
configure:5277: result: yes
configure:5277: checking for sys/stat.h
configure:5277: gcc -c -g -O2   conftest.c >&5
conftest.c:11:0: warning: "VERSION" redefined [enabled by default]
 #define VERSION "r_VERSION_r"
 ^
conftest.c:9:0: note: this is the location of the previous definition
 #define VERSION "1.0"
 ^
configure:5277: $? = 0
configure:5277: result: yes
configure:5277: checking for stdlib.h
configure:5277: gcc -c -g -O2   conftest.c >&5
conftest.c:11:0: warning: "VERSION" redefined [enabled by default]
 #define VERSION "r_VERSION_r"
 ^
conftest.c:9:0: note: this is the location of the previous definition
 #define VERSION "1.0"
 ^
configure:5277: $? = 0
configure:5277: result: yes
configure:5277: checking for string.h
configure:5277: gcc -c -g -O2   conftest.c >&5
conftest.c:11:0: warning: "VERSION" redefined [enabled by default]
 #define VERSION "r_VERSION_r"
 ^
conftest.c:9:0: note: this is the location of the previous definition
 #define VERSION "1.0"
 ^
configure:5277: $? = 0
configure:5277: result: yes
configure:5277: checking for memory.h
configure:5277: gcc -c -g -O2   conftest.c >&5
conftest.c:11:0: warning: "VERSION" redefined [enabled by default]
 #define VERSION "r_VERSION_r"
 ^
conftest.c:9:0: note: this is the location of the previous definition
 #define VERSION "1.0"
 ^
configure:5277: $? = 0
configure:5277: result: yes
configure:5277: checking for strings.h
configure:5277: gcc -c -g -O2   conftest.c >&5
conftest.c:11:0: warning: "VERSION" redefined [enabled by default]
 #define VERSION "r_VERSION_r"
 ^
conftest.c:9:0: note: this is the location of the previous definition
 #define VERSION "1.0"
 ^
configure:5277: $? = 0
configure:5277: result: yes
configure:5277: checking for inttypes.h
configure:5277: gcc -c -g -O2   conftest.c >&5
conftest.c:11:0: warning: "VERSION" redefined [enabled by default]
 #define VERSION "r_VERSION_r"
 ^
conftest.c:9:0: note: this is the location of the previous definition
 #define VERSION "1.0"
 ^
configure:5277: $? = 0
configure:5277: result: yes
configure:5277: checking for stdint.h
configure:5277: gcc -c -g -O2   conftest.c >&5
conftest.c:11:0: warning: "VERSION" redefined [enabled by default]
 #define VERSION "r_VERSION_r"
 ^
conftest.c:9:0: note: this is the location of the previous definition
 #define VERSION "1.0"
 ^
configure:5277: $? = 0
configure:5277: result: yes
configure:5277: checking for unistd.h
configure:5277: gcc -c -g -O2   conftest.c >&5
conftest.c:11:0: warning: "VERSION" redefined [enabled by default]
 #define VERSION "r_VERSION_r"
 ^
conftest.c:9:0: note: this is the location of the previous definition
 #define VERSION "1.0"
 ^
configure:5277: $? = 0
configure:5277: result: yes
configure:5292: checking fcntl.h usability
configure:5292: gcc -c -g -O2   conftest.c >&5
conftest.c:11:0: warning: "VERSION" redefined [enabled by default]
 #define VERSION "r_VERSION_r"
 ^
conftest.c:9:0: note: this is the location of the previous definition
 #define VERSION "1.0"
 ^
configure:5292: $? = 0
configure:5292: result: yes
configure:5292: checking fcntl.h presence
configure:5292: gcc -E  conftest.c
conftest.c:11:0: warning: "VERSION" redefined [enabled by default]
 #define VERSION "r_VERSION_r"
 ^
conftest.c:9:0: note: this is the location of the previous definition
 #define VERSION "1.0"
 ^
configure:5292: $? = 0
configure:5292: result: yes
configure:5292: checking for fcntl.h
configure:5292: result: yes
configure:5292: checking sys/time.h usability
configure:5292: gcc -c -g -O2   conftest.c >&5
conftest.c:11:0: warning: "VERSION" redefined [enabled by default]
 #define VERSION "r_VERSION_r"
 ^
conftest.c:9:0: note: this is the location of the previous definition
 #define VERSION "1.0"
 ^
configure:5292: $? = 0
configure:5292: result: yes
configure:5292: checking sys/time.h presence
configure:5292: gcc -E  conftest.c
conftest.c:11:0: warning: "VERSION" redefined [enabled by default]
 #define VERSION "r_VERSION_r"
 ^
conftest.c:9:0: note: this is the location of the previous definition
 #define VERSION "1.0"
 ^
configure:5292: $? = 0
configure:5292: result: yes
configure:5292: checking for sys/time.h
configure:5292: result: yes
configure:5292: checking for unistd.h
configure:5292: result: yes
configure:5292: checking sys/select.h usability
configure:5292: gcc -c -g -O2   conftest.c >&5
conftest.c:11:0: warning: "VERSION" redefined [enabled by default]
 #define VERSION "r_VERSION_r"
 ^
conftest.c:9:0: note: this is the location of the previous definition
 #define VERSION "1.0"
 ^
configure:5292: $? = 0
configure:5292: result: yes
configure:5292: checking sys/select.h presence
configure:5292: gcc -E  conftest.c
conftest.c:11:0: warning: "VERSION" redefined [enabled by default]
 #define VERSION "r_VERSION_r"
 ^
conftest.c:9:0: note: this is the location of the previous definition
 #define VERSION "1.0"
 ^
configure:5292: $? = 0
configure:5292: result: yes
configure:5292: checking for sys/select.h
configure:5292: result: yes
configure:5303: checking for an ANSI C-conforming const
configure:5369: gcc -c -g -O2   conftest.c >&5
conftest.c:11:0: warning: "VERSION" redefined [enabled by default]
 #define VERSION "r_VERSION_r"
 ^
conftest.c:9:0: note: this is the location of the previous definition
 #define VERSION "1.0"
 ^
configure:5369: $? = 0
configure:5376: result: yes
configure:5384: checking for inline
configure:5400: gcc -c -g -O2   conftest.c >&5
conftest.c:11:0: warning: "VERSION" redefined [enabled by default]
 #define VERSION "r_VERSION_r"
 ^
conftest.c:9:0: note: this is the location of the previous definition
 #define VERSION "1.0"
 ^
configure:5400: $? = 0
configure:5408: result: inline
configure:5426: checking for size_t
configure:5426: gcc -c -g -O2   conftest.c >&5
conftest.c:11:0: warning: "VERSION" redefined [enabled by default]
 #define VERSION "r_VERSION_r"
 ^
conftest.c:9:0: note: this is the location of the previous definition
 #define VERSION "1.0"
 ^
configure:5426: $? = 0
configure:5426: gcc -c -g -O2   conftest.c >&5
conftest.c:11:0: warning: "VERSION" redefined [enabled by default]
 #define VERSION "r_VERSION_r"
 ^
conftest.c:9:0: note: this is the location of the previous definition
 #define VERSION "1.0"
 ^
conftest.c: In function 'main':
conftest.c:68:21: error: expected expression before ')' token
 if (sizeof ((size_t)))
                     ^
configure:5426: $? = 1
configure: failed program was:
| /* confdefs.h */
| #define PACKAGE_NAME ""
| #define PACKAGE_TARNAME ""
| #define PACKAGE_VERSION ""
| #define PACKAGE_STRING ""
| #define PACKAGE_BUGREPORT ""
| #define PACKAGE_URL ""
| #define PACKAGE "stereo"
| #define VERSION "1.0"
| #define PACKAGE "stereo"
| #define VERSION "r_VERSION_r"
| #define HAVE_PICTURE 1
| #define HAVE_THREE_D 1
| #define HAVE_BWIMAGE 1
| #define TARGET_MACHINE "i686-pc-linux-gnu"
| #define HAVE_DIRENT_H 1
| #define STDC_HEADERS 1
| #define HAVE_SYS_TYPES_H 1
| #define HAVE_SYS_STAT_H 1
| #define HAVE_STDLIB_H 1
| #define HAVE_STRING_H 1
| #define HAVE_MEMORY_H 1
| #define HAVE_STRINGS_H 1
| #define HAVE_INTTYPES_H 1
| #define HAVE_STDINT_H 1
| #define HAVE_UNISTD_H 1
| #define HAVE_FCNTL_H 1
| #define HAVE_SYS_TIME_H 1
| #define HAVE_UNISTD_H 1
| #define HAVE_SYS_SELECT_H 1
| /* end confdefs.h.  */
| #include <stdio.h>
| #ifdef HAVE_SYS_TYPES_H
| # include <sys/types.h>
| #endif
| #ifdef HAVE_SYS_STAT_H
| # include <sys/stat.h>
| #endif
| #ifdef STDC_HEADERS
| # include <stdlib.h>
| # include <stddef.h>
| #else
| # ifdef HAVE_STDLIB_H
| #  include <stdlib.h>
| # endif
| #endif
| #ifdef HAVE_STRING_H
| # if !defined STDC_HEADERS && defined HAVE_MEMORY_H
| #  include <memory.h>
| # endif
| # include <string.h>
| #endif
| #ifdef HAVE_STRINGS_H
| # include <strings.h>
| #endif
| #ifdef HAVE_INTTYPES_H
| # include <inttypes.h>
| #endif
| #ifdef HAVE_STDINT_H
| # include <stdint.h>
| #endif
| #ifdef HAVE_UNISTD_H
| # include <unistd.h>
| #endif
| int
| main ()
| {
| if (sizeof ((size_t)))
| 	    return 0;
|   ;
|   return 0;
| }
configure:5426: result: yes
configure:5437: checking for pid_t
configure:5437: gcc -c -g -O2   conftest.c >&5
conftest.c:11:0: warning: "VERSION" redefined [enabled by default]
 #define VERSION "r_VERSION_r"
 ^
conftest.c:9:0: note: this is the location of the previous definition
 #define VERSION "1.0"
 ^
configure:5437: $? = 0
configure:5437: gcc -c -g -O2   conftest.c >&5
conftest.c:11:0: warning: "VERSION" redefined [enabled by default]
 #define VERSION "r_VERSION_r"
 ^
conftest.c:9:0: note: this is the location of the previous definition
 #define VERSION "1.0"
 ^
conftest.c: In function 'main':
conftest.c:68:20: error: expected expression before ')' token
 if (sizeof ((pid_t)))
                    ^
configure:5437: $? = 1
configure: failed program was:
| /* confdefs.h */
| #define PACKAGE_NAME ""
| #define PACKAGE_TARNAME ""
| #define PACKAGE_VERSION ""
| #define PACKAGE_STRING ""
| #define PACKAGE_BUGREPORT ""
| #define PACKAGE_URL ""
| #define PACKAGE "stereo"
| #define VERSION "1.0"
| #define PACKAGE "stereo"
| #define VERSION "r_VERSION_r"
| #define HAVE_PICTURE 1
| #define HAVE_THREE_D 1
| #define HAVE_BWIMAGE 1
| #define TARGET_MACHINE "i686-pc-linux-gnu"
| #define HAVE_DIRENT_H 1
| #define STDC_HEADERS 1
| #define HAVE_SYS_TYPES_H 1
| #define HAVE_SYS_STAT_H 1
| #define HAVE_STDLIB_H 1
| #define HAVE_STRING_H 1
| #define HAVE_MEMORY_H 1
| #define HAVE_STRINGS_H 1
| #define HAVE_INTTYPES_H 1
| #define HAVE_STDINT_H 1
| #define HAVE_UNISTD_H 1
| #define HAVE_FCNTL_H 1
| #define HAVE_SYS_TIME_H 1
| #define HAVE_UNISTD_H 1
| #define HAVE_SYS_SELECT_H 1
| /* end confdefs.h.  */
| #include <stdio.h>
| #ifdef HAVE_SYS_TYPES_H
| # include <sys/types.h>
| #endif
| #ifdef HAVE_SYS_STAT_H
| # include <sys/stat.h>
| #endif
| #ifdef STDC_HEADERS
| # include <stdlib.h>
| # include <stddef.h>
| #else
| # ifdef HAVE_STDLIB_H
| #  include <stdlib.h>
| # endif
| #endif
| #ifdef HAVE_STRING_H
| # if !defined STDC_HEADERS && defined HAVE_MEMORY_H
| #  include <memory.h>
| # endif
| # include <string.h>
| #endif
| #ifdef HAVE_STRINGS_H
| # include <strings.h>
| #endif
| #ifdef HAVE_INTTYPES_H
| # include <inttypes.h>
| #endif
| #ifdef HAVE_STDINT_H
| # include <stdint.h>
| #endif
| #ifdef HAVE_UNISTD_H
| # include <unistd.h>
| #endif
| int
| main ()
| {
| if (sizeof ((pid_t)))
| 	    return 0;
|   ;
|   return 0;
| }
configure:5437: result: yes
configure:5451: checking for working alloca.h
configure:5468: gcc -o conftest -g -O2     conftest.c  >&5
conftest.c:11:0: warning: "VERSION" redefined [enabled by default]
 #define VERSION "r_VERSION_r"
 ^
conftest.c:9:0: note: this is the location of the previous definition
 #define VERSION "1.0"
 ^
configure:5468: $? = 0
configure:5476: result: yes
configure:5484: checking for alloca
configure:5521: gcc -o conftest -g -O2     conftest.c  >&5
conftest.c:11:0: warning: "VERSION" redefined [enabled by default]
 #define VERSION "r_VERSION_r"
 ^
conftest.c:9:0: note: this is the location of the previous definition
 #define VERSION "1.0"
 ^
configure:5521: $? = 0
configure:5529: result: yes
configure:5635: checking return type of signal handlers
configure:5653: gcc -c -g -O2   conftest.c >&5
conftest.c:11:0: warning: "VERSION" redefined [enabled by default]
 #define VERSION "r_VERSION_r"
 ^
conftest.c:9:0: note: this is the location of the previous definition
 #define VERSION "1.0"
 ^
conftest.c: In function 'main':
conftest.c:40:1: error: void value not ignored as it ought to be
 return *(signal (0, 0)) (0) == 1;
 ^
configure:5653: $? = 1
configure: failed program was:
| /* confdefs.h */
| #define PACKAGE_NAME ""
| #define PACKAGE_TARNAME ""
| #define PACKAGE_VERSION ""
| #define PACKAGE_STRING ""
| #define PACKAGE_BUGREPORT ""
| #define PACKAGE_URL ""
| #define PACKAGE "stereo"
| #define VERSION "1.0"
| #define PACKAGE "stereo"
| #define VERSION "r_VERSION_r"
| #define HAVE_PICTURE 1
| #define HAVE_THREE_D 1
| #define HAVE_BWIMAGE 1
| #define TARGET_MACHINE "i686-pc-linux-gnu"
| #define HAVE_DIRENT_H 1
| #define STDC_HEADERS 1
| #define HAVE_SYS_TYPES_H 1
| #define HAVE_SYS_STAT_H 1
| #define HAVE_STDLIB_H 1
| #define HAVE_STRING_H 1
| #define HAVE_MEMORY_H 1
| #define HAVE_STRINGS_H 1
| #define HAVE_INTTYPES_H 1
| #define HAVE_STDINT_H 1
| #define HAVE_UNISTD_H 1
| #define HAVE_FCNTL_H 1
| #define HAVE_SYS_TIME_H 1
| #define HAVE_UNISTD_H 1
| #define HAVE_SYS_SELECT_H 1
| #define HAVE_ALLOCA_H 1
| #define HAVE_ALLOCA 1
| /* end confdefs.h.  */
| #include <sys/types.h>
| #include <signal.h>
| 
| int
| main ()
| {
| return *(signal (0, 0)) (0) == 1;
|   ;
|   return 0;
| }
configure:5660: result: void
configure:5670: checking for vprintf
configure:5670: gcc -o conftest -g -O2     conftest.c  >&5
conftest.c:11:0: warning: "VERSION" redefined [enabled by default]
 #define VERSION "r_VERSION_r"
 ^
conftest.c:9:0: note: this is the location of the previous definition
 #define VERSION "1.0"
 ^
conftest.c:58:6: warning: conflicting types for built-in function 'vprintf' [enabled by default]
 char vprintf ();
      ^
configure:5670: $? = 0
configure:5670: result: yes
configure:5676: checking for _doprnt
configure:5676: gcc -o conftest -g -O2     conftest.c  >&5
conftest.c:11:0: warning: "VERSION" redefined [enabled by default]
 #define VERSION "r_VERSION_r"
 ^
conftest.c:9:0: note: this is the location of the previous definition
 #define VERSION "1.0"
 ^
/tmp/cciAtC3z.o: In function `main':
/media/peter/stockageMisc/POUB/stereo2/stereo-0.2b-1/conftest.c:70: undefined reference to `_doprnt'
collect2: error: ld returned 1 exit status
configure:5676: $? = 1
configure: failed program was:
| /* confdefs.h */
| #define PACKAGE_NAME ""
| #define PACKAGE_TARNAME ""
| #define PACKAGE_VERSION ""
| #define PACKAGE_STRING ""
| #define PACKAGE_BUGREPORT ""
| #define PACKAGE_URL ""
| #define PACKAGE "stereo"
| #define VERSION "1.0"
| #define PACKAGE "stereo"
| #define VERSION "r_VERSION_r"
| #define HAVE_PICTURE 1
| #define HAVE_THREE_D 1
| #define HAVE_BWIMAGE 1
| #define TARGET_MACHINE "i686-pc-linux-gnu"
| #define HAVE_DIRENT_H 1
| #define STDC_HEADERS 1
| #define HAVE_SYS_TYPES_H 1
| #define HAVE_SYS_STAT_H 1
| #define HAVE_STDLIB_H 1
| #define HAVE_STRING_H 1
| #define HAVE_MEMORY_H 1
| #define HAVE_STRINGS_H 1
| #define HAVE_INTTYPES_H 1
| #define HAVE_STDINT_H 1
| #define HAVE_UNISTD_H 1
| #define HAVE_FCNTL_H 1
| #define HAVE_SYS_TIME_H 1
| #define HAVE_UNISTD_H 1
| #define HAVE_SYS_SELECT_H 1
| #define HAVE_ALLOCA_H 1
| #define HAVE_ALLOCA 1
| #define RETSIGTYPE void
| #define HAVE_VPRINTF 1
| /* end confdefs.h.  */
| /* Define _doprnt to an innocuous variant, in case <limits.h> declares _doprnt.
|    For example, HP-UX 11i <limits.h> declares gettimeofday.  */
| #define _doprnt innocuous__doprnt
| 
| /* System header to define __stub macros and hopefully few prototypes,
|     which can conflict with char _doprnt (); below.
|     Prefer <limits.h> to <assert.h> if __STDC__ is defined, since
|     <limits.h> exists even on freestanding compilers.  */
| 
| #ifdef __STDC__
| # include <limits.h>
| #else
| # include <assert.h>
| #endif
| 
| #undef _doprnt
| 
| /* Override any GCC internal prototype to avoid an error.
|    Use char because int might match the return type of a GCC
|    builtin and then its argument prototype would still apply.  */
| #ifdef __cplusplus
| extern "C"
| #endif
| char _doprnt ();
| /* The GNU C library defines this for functions which it implements
|     to always fail with ENOSYS.  Some functions are actually named
|     something starting with __ and the normal name is an alias.  */
| #if defined __stub__doprnt || defined __stub____doprnt
| choke me
| #endif
| 
| int
| main ()
| {
| return _doprnt ();
|   ;
|   return 0;
| }
configure:5676: result: no
configure:5690: checking for strerror
configure:5690: gcc -o conftest -g -O2     conftest.c  >&5
conftest.c:11:0: warning: "VERSION" redefined [enabled by default]
 #define VERSION "r_VERSION_r"
 ^
conftest.c:9:0: note: this is the location of the previous definition
 #define VERSION "1.0"
 ^
configure:5690: $? = 0
configure:5690: result: yes
configure:5690: checking for getwd
configure:5690: gcc -o conftest -g -O2     conftest.c  >&5
conftest.c:11:0: warning: "VERSION" redefined [enabled by default]
 #define VERSION "r_VERSION_r"
 ^
conftest.c:9:0: note: this is the location of the previous definition
 #define VERSION "1.0"
 ^
/tmp/ccsy07Xl.o: In function `main':
/media/peter/stockageMisc/POUB/stereo2/stereo-0.2b-1/conftest.c:71: warning: the `getwd' function is dangerous and should not be used.
configure:5690: $? = 0
configure:5690: result: yes
configure:5690: checking for re_comp
configure:5690: gcc -o conftest -g -O2     conftest.c  >&5
conftest.c:11:0: warning: "VERSION" redefined [enabled by default]
 #define VERSION "r_VERSION_r"
 ^
conftest.c:9:0: note: this is the location of the previous definition
 #define VERSION "1.0"
 ^
configure:5690: $? = 0
configure:5690: result: yes
configure:5690: checking for regcomp
configure:5690: gcc -o conftest -g -O2     conftest.c  >&5
conftest.c:11:0: warning: "VERSION" redefined [enabled by default]
 #define VERSION "r_VERSION_r"
 ^
conftest.c:9:0: note: this is the location of the previous definition
 #define VERSION "1.0"
 ^
configure:5690: $? = 0
configure:5690: result: yes
configure:5690: checking for strdup
configure:5690: gcc -o conftest -g -O2     conftest.c  >&5
conftest.c:11:0: warning: "VERSION" redefined [enabled by default]
 #define VERSION "r_VERSION_r"
 ^
conftest.c:9:0: note: this is the location of the previous definition
 #define VERSION "1.0"
 ^
conftest.c:63:6: warning: conflicting types for built-in function 'strdup' [enabled by default]
 char strdup ();
      ^
configure:5690: $? = 0
configure:5690: result: yes
configure:5690: checking for strspn
configure:5690: gcc -o conftest -g -O2     conftest.c  >&5
conftest.c:11:0: warning: "VERSION" redefined [enabled by default]
 #define VERSION "r_VERSION_r"
 ^
conftest.c:9:0: note: this is the location of the previous definition
 #define VERSION "1.0"
 ^
conftest.c:64:6: warning: conflicting types for built-in function 'strspn' [enabled by default]
 char strspn ();
      ^
configure:5690: $? = 0
configure:5690: result: yes
configure:5690: checking for strstr
configure:5690: gcc -o conftest -g -O2     conftest.c  >&5
conftest.c:11:0: warning: "VERSION" redefined [enabled by default]
 #define VERSION "r_VERSION_r"
 ^
conftest.c:9:0: note: this is the location of the previous definition
 #define VERSION "1.0"
 ^
conftest.c:65:6: warning: conflicting types for built-in function 'strstr' [enabled by default]
 char strstr ();
      ^
configure:5690: $? = 0
configure:5690: result: yes
configure:5690: checking for strcspn
configure:5690: gcc -o conftest -g -O2     conftest.c  >&5
conftest.c:11:0: warning: "VERSION" redefined [enabled by default]
 #define VERSION "r_VERSION_r"
 ^
conftest.c:9:0: note: this is the location of the previous definition
 #define VERSION "1.0"
 ^
conftest.c:66:6: warning: conflicting types for built-in function 'strcspn' [enabled by default]
 char strcspn ();
      ^
configure:5690: $? = 0
configure:5690: result: yes
configure:5702: checking for strchr
configure:5702: gcc -o conftest -g -O2     conftest.c  >&5
conftest.c:11:0: warning: "VERSION" redefined [enabled by default]
 #define VERSION "r_VERSION_r"
 ^
conftest.c:9:0: note: this is the location of the previous definition
 #define VERSION "1.0"
 ^
conftest.c:67:6: warning: conflicting types for built-in function 'strchr' [enabled by default]
 char strchr ();
      ^
configure:5702: $? = 0
configure:5702: result: yes
configure:5702: checking for strrchr
configure:5702: gcc -o conftest -g -O2     conftest.c  >&5
conftest.c:11:0: warning: "VERSION" redefined [enabled by default]
 #define VERSION "r_VERSION_r"
 ^
conftest.c:9:0: note: this is the location of the previous definition
 #define VERSION "1.0"
 ^
conftest.c:68:6: warning: conflicting types for built-in function 'strrchr' [enabled by default]
 char strrchr ();
      ^
configure:5702: $? = 0
configure:5702: result: yes
configure:5702: checking for memmove
configure:5702: gcc -o conftest -g -O2     conftest.c  >&5
conftest.c:11:0: warning: "VERSION" redefined [enabled by default]
 #define VERSION "r_VERSION_r"
 ^
conftest.c:9:0: note: this is the location of the previous definition
 #define VERSION "1.0"
 ^
conftest.c:69:6: warning: conflicting types for built-in function 'memmove' [enabled by default]
 char memmove ();
      ^
configure:5702: $? = 0
configure:5702: result: yes
configure:5702: checking for memcpy
configure:5702: gcc -o conftest -g -O2     conftest.c  >&5
conftest.c:11:0: warning: "VERSION" redefined [enabled by default]
 #define VERSION "r_VERSION_r"
 ^
conftest.c:9:0: note: this is the location of the previous definition
 #define VERSION "1.0"
 ^
conftest.c:70:6: warning: conflicting types for built-in function 'memcpy' [enabled by default]
 char memcpy ();
      ^
configure:5702: $? = 0
configure:5702: result: yes
configure:5702: checking for memset
configure:5702: gcc -o conftest -g -O2     conftest.c  >&5
conftest.c:11:0: warning: "VERSION" redefined [enabled by default]
 #define VERSION "r_VERSION_r"
 ^
conftest.c:9:0: note: this is the location of the previous definition
 #define VERSION "1.0"
 ^
conftest.c:71:6: warning: conflicting types for built-in function 'memset' [enabled by default]
 char memset ();
      ^
configure:5702: $? = 0
configure:5702: result: yes
configure:5702: checking for memchr
configure:5702: gcc -o conftest -g -O2     conftest.c  >&5
conftest.c:11:0: warning: "VERSION" redefined [enabled by default]
 #define VERSION "r_VERSION_r"
 ^
conftest.c:9:0: note: this is the location of the previous definition
 #define VERSION "1.0"
 ^
conftest.c:72:6: warning: conflicting types for built-in function 'memchr' [enabled by default]
 char memchr ();
      ^
configure:5702: $? = 0
configure:5702: result: yes
configure:5702: checking for memcmp
configure:5702: gcc -o conftest -g -O2     conftest.c  >&5
conftest.c:11:0: warning: "VERSION" redefined [enabled by default]
 #define VERSION "r_VERSION_r"
 ^
conftest.c:9:0: note: this is the location of the previous definition
 #define VERSION "1.0"
 ^
conftest.c:73:6: warning: conflicting types for built-in function 'memcmp' [enabled by default]
 char memcmp ();
      ^
configure:5702: $? = 0
configure:5702: result: yes
configure:5714: checking for strcasecmp
configure:5714: gcc -o conftest -g -O2     conftest.c  >&5
conftest.c:11:0: warning: "VERSION" redefined [enabled by default]
 #define VERSION "r_VERSION_r"
 ^
conftest.c:9:0: note: this is the location of the previous definition
 #define VERSION "1.0"
 ^
conftest.c:74:6: warning: conflicting types for built-in function 'strcasecmp' [enabled by default]
 char strcasecmp ();
      ^
configure:5714: $? = 0
configure:5714: result: yes
configure:5714: checking for strncasecmp
configure:5714: gcc -o conftest -g -O2     conftest.c  >&5
conftest.c:11:0: warning: "VERSION" redefined [enabled by default]
 #define VERSION "r_VERSION_r"
 ^
conftest.c:9:0: note: this is the location of the previous definition
 #define VERSION "1.0"
 ^
conftest.c:75:6: warning: conflicting types for built-in function 'strncasecmp' [enabled by default]
 char strncasecmp ();
      ^
configure:5714: $? = 0
configure:5714: result: yes
configure:5836: checking that generated files are newer than configure
configure:5842: result: done
configure:5865: creating ./config.status

## ---------------------- ##
## Running config.status. ##
## ---------------------- ##

This file was extended by config.status, which was
generated by GNU Autoconf 2.69.  Invocation command line was

  CONFIG_FILES    = 
  CONFIG_HEADERS  = 
  CONFIG_LINKS    = 
  CONFIG_COMMANDS = 
  $ ./config.status 

on Omnion

config.status:905: creating widget/Makefile
config.status:905: creating main/Makefile
config.status:905: creating Makefile
config.status:905: creating config.h
config.status:1086: config.h is unchanged
config.status:1134: executing depfiles commands

## ---------------- ##
## Cache variables. ##
## ---------------- ##

ac_cv_build=i686-pc-linux-gnu
ac_cv_c_compiler_gnu=yes
ac_cv_c_const=yes
ac_cv_c_inline=inline
ac_cv_env_CC_set=
ac_cv_env_CC_value=
ac_cv_env_CFLAGS_set=
ac_cv_env_CFLAGS_value=
ac_cv_env_CPPFLAGS_set=
ac_cv_env_CPPFLAGS_value=
ac_cv_env_CPP_set=
ac_cv_env_CPP_value=
ac_cv_env_LDFLAGS_set=
ac_cv_env_LDFLAGS_value=
ac_cv_env_LIBS_set=
ac_cv_env_LIBS_value=
ac_cv_env_XMKMF_set=
ac_cv_env_XMKMF_value=
ac_cv_env_build_alias_set=
ac_cv_env_build_alias_value=
ac_cv_env_host_alias_set=
ac_cv_env_host_alias_value=
ac_cv_env_target_alias_set=
ac_cv_env_target_alias_value=
ac_cv_func__doprnt=no
ac_cv_func_alloca_works=yes
ac_cv_func_connect=yes
ac_cv_func_gethostbyname=yes
ac_cv_func_getwd=yes
ac_cv_func_memchr=yes
ac_cv_func_memcmp=yes
ac_cv_func_memcpy=yes
ac_cv_func_memmove=yes
ac_cv_func_memset=yes
ac_cv_func_re_comp=yes
ac_cv_func_regcomp=yes
ac_cv_func_remove=yes
ac_cv_func_shmat=yes
ac_cv_func_strcasecmp=yes
ac_cv_func_strchr=yes
ac_cv_func_strcspn=yes
ac_cv_func_strdup=yes
ac_cv_func_strerror=yes
ac_cv_func_strncasecmp=yes
ac_cv_func_strrchr=yes
ac_cv_func_strspn=yes
ac_cv_func_strstr=yes
ac_cv_func_vprintf=yes
ac_cv_have_x='have_x=yes	ac_x_includes='\'''\''	ac_x_libraries='\'''\'''
ac_cv_header_dirent_dirent_h=yes
ac_cv_header_fcntl_h=yes
ac_cv_header_inttypes_h=yes
ac_cv_header_memory_h=yes
ac_cv_header_stdc=yes
ac_cv_header_stdint_h=yes
ac_cv_header_stdlib_h=yes
ac_cv_header_string_h=yes
ac_cv_header_strings_h=yes
ac_cv_header_sys_select_h=yes
ac_cv_header_sys_stat_h=yes
ac_cv_header_sys_time_h=yes
ac_cv_header_sys_types_h=yes
ac_cv_header_unistd_h=yes
ac_cv_host=i686-pc-linux-gnu
ac_cv_lib_ICE_IceConnectionNumber=yes
ac_cv_objext=o
ac_cv_path_EGREP='/bin/grep -E'
ac_cv_path_GREP=/bin/grep
ac_cv_path_install='/usr/bin/install -c'
ac_cv_path_mkdir=/bin/mkdir
ac_cv_prog_AWK=gawk
ac_cv_prog_CPP='gcc -E'
ac_cv_prog_ac_ct_CC=gcc
ac_cv_prog_ac_ct_RANLIB=ranlib
ac_cv_prog_cc_c89=
ac_cv_prog_cc_g=yes
ac_cv_prog_make_make_set=yes
ac_cv_search_opendir='none required'
ac_cv_target=i686-pc-linux-gnu
ac_cv_type_pid_t=yes
ac_cv_type_signal=void
ac_cv_type_size_t=yes
ac_cv_working_alloca_h=yes
am_cv_CC_dependencies_compiler_type=gcc3
am_cv_make_support_nested_variables=yes

## ----------------- ##
## Output variables. ##
## ----------------- ##

ACLOCAL='${SHELL} /media/peter/stockageMisc/POUB/stereo2/stereo-0.2b-1/missing aclocal-1.13'
ALLOCA=''
AMDEPBACKSLASH='\'
AMDEP_FALSE='#'
AMDEP_TRUE=''
AMTAR='$${TAR-tar}'
AM_BACKSLASH='\'
AM_DEFAULT_V='$(AM_DEFAULT_VERBOSITY)'
AM_DEFAULT_VERBOSITY='1'
AM_V='$(V)'
AUTOCONF='${SHELL} /media/peter/stockageMisc/POUB/stereo2/stereo-0.2b-1/missing autoconf'
AUTOHEADER='${SHELL} /media/peter/stockageMisc/POUB/stereo2/stereo-0.2b-1/missing autoheader'
AUTOMAKE='${SHELL} /media/peter/stockageMisc/POUB/stereo2/stereo-0.2b-1/missing automake-1.13'
AWK='gawk'
CC='gcc'
CCDEPMODE='depmode=gcc3'
CFLAGS='-g -O2 '
CPP='gcc -E'
CPPFLAGS=''
CYGPATH_W='echo'
DEFS='-DHAVE_CONFIG_H'
DEPDIR='.deps'
ECHO_C=''
ECHO_N='-n'
ECHO_T=''
EGREP='/bin/grep -E'
EXEEXT=''
GREP='/bin/grep'
INSTALL_DATA='${INSTALL} -m 644'
INSTALL_PROGRAM='${INSTALL}'
INSTALL_SCRIPT='${INSTALL}'
INSTALL_STRIP_PROGRAM='$(install_sh) -c -s'
LDFLAGS=' '
LIBOBJS=''
LIBS=''
LTLIBOBJS=''
MAKEINFO='${SHELL} /media/peter/stockageMisc/POUB/stereo2/stereo-0.2b-1/missing makeinfo'
MKDIR_P='/bin/mkdir -p'
OBJEXT='o'
PACKAGE='stereo'
PACKAGE_BUGREPORT=''
PACKAGE_NAME=''
PACKAGE_STRING=''
PACKAGE_TARNAME=''
PACKAGE_URL=''
PACKAGE_VERSION=''
PATH_SEPARATOR=':'
RANLIB='ranlib'
SET_MAKE=''
SHELL='/bin/bash'
STRIP=''
VERSION='r_VERSION_r'
XMKMF=''
X_CFLAGS=''
X_EXTRA_LIBS=''
X_LIBS=''
X_PRE_LIBS=' -lSM -lICE'
ac_ct_CC='gcc'
am__EXEEXT_FALSE=''
am__EXEEXT_TRUE='#'
am__fastdepCC_FALSE='#'
am__fastdepCC_TRUE=''
am__include='include'
am__isrc=''
am__leading_dot='.'
am__nodep='_no'
am__quote=''
am__tar='$${TAR-tar} chof - "$$tardir"'
am__untar='$${TAR-tar} xf -'
bindir='${exec_prefix}/bin'
build='i686-pc-linux-gnu'
build_alias=''
build_cpu='i686'
build_os='linux-gnu'
build_vendor='pc'
datadir='${datarootdir}'
datarootdir='${prefix}/share'
docdir='${datarootdir}/doc/${PACKAGE}'
dvidir='${docdir}'
exec_prefix='${prefix}'
host='i686-pc-linux-gnu'
host_alias=''
host_cpu='i686'
host_os='linux-gnu'
host_vendor='pc'
htmldir='${docdir}'
includedir='${prefix}/include'
infodir='${datarootdir}/info'
install_sh='${SHELL} /media/peter/stockageMisc/POUB/stereo2/stereo-0.2b-1/install-sh'
libdir='${exec_prefix}/lib'
libexecdir='${exec_prefix}/libexec'
localedir='${datarootdir}/locale'
localstatedir='${prefix}/var'
mandir='${datarootdir}/man'
mkdir_p='$(MKDIR_P)'
oldincludedir='/usr/include'
pdfdir='${docdir}'
prefix='/media/peter/stockageMisc/POUB/stereo2/stereo-0.2b-1'
program_transform_name='s,x,x,'
psdir='${docdir}'
sbindir='${exec_prefix}/sbin'
sharedstatedir='${prefix}/com'
sysconfdir='${prefix}/etc'
target='i686-pc-linux-gnu'
target_alias=''
target_cpu='i686'
target_os='linux-gnu'
target_vendor='pc'

## ----------- ##
## confdefs.h. ##
## ----------- ##

/* confdefs.h */
#define PACKAGE_NAME ""
#define PACKAGE_TARNAME ""
#define PACKAGE_VERSION ""
#define PACKAGE_STRING ""
#define PACKAGE_BUGREPORT ""
#define PACKAGE_URL ""
#define PACKAGE "stereo"
#define VERSION "1.0"
#define PACKAGE "stereo"
#define VERSION "r_VERSION_r"
#define HAVE_PICTURE 1
#define HAVE_THREE_D 1
#define HAVE_BWIMAGE 1
#define TARGET_MACHINE "i686-pc-linux-gnu"
#define HAVE_DIRENT_H 1
#define STDC_HEADERS 1
#define HAVE_SYS_TYPES_H 1
#define HAVE_SYS_STAT_H 1
#define HAVE_STDLIB_H 1
#define HAVE_STRING_H 1
#define HAVE_MEMORY_H 1
#define HAVE_STRINGS_H 1
#define HAVE_INTTYPES_H 1
#define HAVE_STDINT_H 1
#define HAVE_UNISTD_H 1
#define HAVE_FCNTL_H 1
#define HAVE_SYS_TIME_H 1
#define HAVE_UNISTD_H 1
#define HAVE_SYS_SELECT_H 1
#define HAVE_ALLOCA_H 1
#define HAVE_ALLOCA 1
#define RETSIGTYPE void
#define HAVE_VPRINTF 1
#define HAVE_STRERROR 1
#define HAVE_GETWD 1
#define HAVE_RE_COMP 1
#define HAVE_REGCOMP 1
#define HAVE_STRDUP 1
#define HAVE_STRSPN 1
#define HAVE_STRSTR 1
#define HAVE_STRCSPN 1
#define HAVE_STRCHR 1
#define HAVE_STRRCHR 1
#define HAVE_MEMMOVE 1
#define HAVE_MEMCPY 1
#define HAVE_MEMSET 1
#define HAVE_MEMCHR 1
#define HAVE_MEMCMP 1
#define HAVE_STRCASECMP 1
#define HAVE_STRNCASECMP 1

configure: exit 0
